\BOOKMARK [0][-]{chapter.1}{Hybrid-Switched Capacitor LED driver}{}% 1
\BOOKMARK [1][-]{section.1.1}{State-of-the-art in SCC based LED drivers}{chapter.1}% 2
\BOOKMARK [1][-]{section.1.2}{Switched Capacitor Converter}{chapter.1}% 3
\BOOKMARK [2][-]{subsection.1.2.1}{Conversion ratio}{section.1.2}% 4
\BOOKMARK [2][-]{subsection.1.2.2}{Output voltage regulation}{section.1.2}% 5
\BOOKMARK [2][-]{subsection.1.2.3}{Multiple conversion ratio converters}{section.1.2}% 6
\BOOKMARK [2][-]{subsection.1.2.4}{Converter output nodes}{section.1.2}% 7
\BOOKMARK [1][-]{section.1.3}{Hybrid-Switched Capacitor Converter}{chapter.1}% 8
\BOOKMARK [2][-]{subsection.1.3.1}{Output Regulation}{section.1.3}% 9
\BOOKMARK [2][-]{subsection.1.3.2}{Power Inductor}{section.1.3}% 10
\BOOKMARK [2][-]{subsection.1.3.3}{Power Switches}{section.1.3}% 11
\BOOKMARK [2][-]{subsection.1.3.4}{Multiple Outputs}{section.1.3}% 12
\BOOKMARK [1][-]{section.1.4}{DC-DC LED Drivers}{chapter.1}% 13
\BOOKMARK [2][-]{subsection.1.4.1}{Single-stage dc-dc with auxiliary output voltage}{section.1.4}% 14
\BOOKMARK [2][-]{subsection.1.4.2}{Single-stage dc-dc with extended conversion range }{section.1.4}% 15
\BOOKMARK [1][-]{section.1.5}{Summary}{chapter.1}% 16
\BOOKMARK [0][-]{chapter.2}{H-SCC LED driver}{}% 17
\BOOKMARK [1][-]{section.2.1}{Design procedure}{chapter.2}% 18
\BOOKMARK [1][-]{section.2.2}{Model based design: Power train}{chapter.2}% 19
\BOOKMARK [2][-]{subsection.2.2.1}{Sizing of the capacitors}{section.2.2}% 20
\BOOKMARK [2][-]{subsection.2.2.2}{Sizing of the transistors}{section.2.2}% 21
\BOOKMARK [2][-]{subsection.2.2.3}{Inductor}{section.2.2}% 22
\BOOKMARK [1][-]{section.2.3}{Close-loop design}{chapter.2}% 23
\BOOKMARK [2][-]{subsection.2.3.1}{Small signal analysis}{section.2.3}% 24
\BOOKMARK [2][-]{subsection.2.3.2}{Close-loop controller}{section.2.3}% 25
\BOOKMARK [1][-]{section.2.4}{Power train circuits}{chapter.2}% 26
\BOOKMARK [2][-]{subsection.2.4.1}{Full schematic}{section.2.4}% 27
\BOOKMARK [2][-]{subsection.2.4.2}{Start-up helper circuit}{section.2.4}% 28
\BOOKMARK [2][-]{subsection.2.4.3}{Sensing and signal conditioning}{section.2.4}% 29
\BOOKMARK [1][-]{section.2.5}{Close-loop controller circuits}{chapter.2}% 30
\BOOKMARK [2][-]{subsection.2.5.1}{Full schematic}{section.2.5}% 31
\BOOKMARK [2][-]{subsection.2.5.2}{Triangle wave generator}{section.2.5}% 32
\BOOKMARK [2][-]{subsection.2.5.3}{Error amplifier}{section.2.5}% 33
\BOOKMARK [0][-]{chapter.3}{Conclusions}{}% 34
\BOOKMARK [0][-]{Appendix.a.A}{Appendix Modeling of Switched Capacitors Converters}{}% 35
\BOOKMARK [1][-]{section.a.A.1}{3:1 Dickson converter vectors}{Appendix.a.A}% 36
\BOOKMARK [1][-]{section.a.A.2}{Optimal Capacitance Breakdown}{Appendix.a.A}% 37
\BOOKMARK [1][-]{section.a.A.3}{Optimal Switch Area Breakdown}{Appendix.a.A}% 38
\BOOKMARK [1][-]{section.a.A.4}{Design-Oriented Optimization Result}{Appendix.a.A}% 39
\BOOKMARK [1][-]{section.a.A.5}{Conclusions}{Appendix.a.A}% 40
